<?xml version="1.0" encoding="UTF-8"?>
<!-- Generated by org.testng.reporters.JUnitReportReporter -->
<testsuite hostname="Pandukas-MacBook-Air.local" failures="0" tests="1" name="tests.ApiTest" time="5.592" errors="0" timestamp="2025-03-22T17:59:04 NZDT" skipped="0">
  <testcase classname="tests.ApiTest" name="validateApiResponse" time="5.592"/>
  <system-out/>
</testsuite> <!-- tests.ApiTest -->
