<?xml version="1.0" encoding="UTF-8"?>
<!-- Generated by org.testng.reporters.JUnitReportReporter -->
<testsuite hostname="Pandukas-MacBook-Air.local" failures="0" tests="1" name="tests.ApiTest" time="2.327" errors="0" timestamp="2025-03-22T14:24:06 NZDT" skipped="0">
  <testcase classname="tests.ApiTest" name="validateApiResponse" time="2.327"/>
  <system-out/>
</testsuite> <!-- tests.ApiTest -->
